[debug] [2025-02-24T06:48:56.471Z] ----------------------------------------------------------------------
[debug] [2025-02-24T06:48:56.479Z] Command:       /usr/local/bin/node /usr/local/bin/firebase init
[debug] [2025-02-24T06:48:56.479Z] CLI Version:   13.31.2
[debug] [2025-02-24T06:48:56.479Z] Platform:      darwin
[debug] [2025-02-24T06:48:56.479Z] Node Version:  v22.14.0
[debug] [2025-02-24T06:48:56.479Z] Time:          Mon Feb 24 2025 00:48:56 GMT-0600 (Central Standard Time)
[debug] [2025-02-24T06:48:56.479Z] ----------------------------------------------------------------------
[debug] 
[debug] [2025-02-24T06:48:56.483Z] > command requires scopes: ["email","openid","https://www.googleapis.com/auth/cloudplatformprojects.readonly","https://www.googleapis.com/auth/firebase","https://www.googleapis.com/auth/cloud-platform"]
[debug] [2025-02-24T06:48:56.483Z] > authorizing via signed-in user (sahilahir333@gmail.com)
[info] 
     ######## #### ########  ######## ########     ###     ######  ########
     ##        ##  ##     ## ##       ##     ##  ##   ##  ##       ##
     ######    ##  ########  ######   ########  #########  ######  ######
     ##        ##  ##    ##  ##       ##     ## ##     ##       ## ##
     ##       #### ##     ## ######## ########  ##     ##  ######  ########

You're about to initialize a Firebase project in this directory:

  /Users/sahilahir/Projects/Mcatmanitoba

[info] 
=== Project Setup
[info] 
[info] First, let's associate this project directory with a Firebase project.
[info] You can create multiple project aliases by running firebase use --add, 
[info] but for now we'll just set up a default project.
[info] 
[info] i  If you want to create a project in a Google Cloud organization or folder, please use "firebase projects:create" instead, and return to this command when you've created the project. 
[debug] [2025-02-24T06:50:24.462Z] Checked if tokens are valid: true, expires at: 1740383246978
[debug] [2025-02-24T06:50:24.463Z] Checked if tokens are valid: true, expires at: 1740383246978
[debug] [2025-02-24T06:50:24.465Z] >>> [apiv2][query] POST https://cloudresourcemanager.googleapis.com/v1/projects [none]
[debug] [2025-02-24T06:50:24.465Z] >>> [apiv2][body] POST https://cloudresourcemanager.googleapis.com/v1/projects {"projectId":"Mcatmanitoba","name":"McatManitoba"}
[debug] [2025-02-24T06:50:24.846Z] <<< [apiv2][status] POST https://cloudresourcemanager.googleapis.com/v1/projects 400
[debug] [2025-02-24T06:50:24.847Z] <<< [apiv2][body] POST https://cloudresourcemanager.googleapis.com/v1/projects {"error":{"code":400,"message":"field [project_id] has issue [project_id contains invalid characters]","status":"INVALID_ARGUMENT","details":[{"@type":"type.googleapis.com/google.rpc.BadRequest","fieldViolations":[{"field":"project_id","description":"project_id contains invalid characters"}]},{"@type":"type.googleapis.com/google.rpc.Help","links":[{"url":"https://cloud.google.com/resource-manager/reference/rest/v1/projects"}]}]}}
[debug] [2025-02-24T06:50:24.986Z] FirebaseError: Request to https://cloudresourcemanager.googleapis.com/v1/projects had HTTP Error: 400, field [project_id] has issue [project_id contains invalid characters]
    at responseToError (/usr/local/lib/node_modules/firebase-tools/lib/responseToError.js:52:12)
    at RetryOperation._fn (/usr/local/lib/node_modules/firebase-tools/lib/apiv2.js:312:77)
    at process.processTicksAndRejections (node:internal/process/task_queues:105:5)
[error] 
[error] Error: Failed to create project. See firebase-debug.log for more info.
